=== Firestore "activities" → gallery_photos ===

문서 762건

[건너뜀] 이미 처리: activities/06EaYeohge35B5zSXN07
[건너뜀] 이미 처리: activities/0KTg4lwc1Z16MohrQGZ4
[건너뜀] 이미 처리: activities/0MzAb0BnO7Cj3R6NRTha
[건너뜀] 이미 처리: activities/0NpdYKRTam94YYtEv6ut
[건너뜀] 이미 처리: activities/0OmnIpgnCSEEbSOWy5F6
[건너뜀] 이미 처리: activities/0W2SpJQ9IpTwsiyUbNHW
[건너뜀] 이미 처리: activities/0XHcBHSLs0qwKryrQzpI
[건너뜀] 이미 처리: activities/0lGkeVl9NQdgnZ2q1ViR
[건너뜀] 이미 처리: activities/0mU9ibEygS7M3opSroQu
[건너뜀] 이미 처리: activities/0msAqPaiS7I3Z2MOgBgE
[건너뜀] 이미 처리: activities/0sVgpz2xL3ES9jIqd9Cn
[건너뜀] 이미 처리: activities/0uyu8kFFV2DGrKlgIwXa
[건너뜀] 이미 처리: activities/16N2QX2DRnMLZQA3x3JY
[건너뜀] 이미 처리: activities/1C5YUANb3Xaik1XB1QR0
[건너뜀] 이미 처리: activities/1CqraUmX2wvUD3bCZKLe
[건너뜀] 이미 처리: activities/1Jmq4lS4B0FZEKkFeWh1
[건너뜀] 이미 처리: activities/1NjbcmAGkIsjaHXPJNnU
[건너뜀] 이미 처리: activities/1OZWUgxtLeXZArmb0HOv
[건너뜀] 이미 처리: activities/1o91i9t30aBSUkbMgwCC
[건너뜀] 이미 처리: activities/1rhSa9ziYCxuO5xY6Wv3
[건너뜀] 이미 처리: activities/1sgv15vvAdd5jh5nuqgi
[건너뜀] 이미 처리: activities/1v6AvomCoMfzo2vF1N2W
[건너뜀] 이미 처리: activities/1xD7511HnQFMDL9kufMH
[건너뜀] 이미 처리: activities/1xQrgLbRpbz1wyw8JiyP
[건너뜀] 이미 처리: activities/28Ts2t4REVfymrg1plGC
[건너뜀] 이미 처리: activities/2F7ZpTRIyTbYcNmgiZvn
[건너뜀] 이미 처리: activities/2LRKXMnQWTc9jVlIXP8z
[건너뜀] 이미 처리: activities/2VSvJH6NMNjV6TIAN5Dg
[건너뜀] 이미 처리: activities/2XRjRiyd9FZNPI2HZf7Q
[건너뜀] 이미 처리: activities/2XUHTByJCJxxndpm5XrJ
[건너뜀] 이미 처리: activities/2YYsI99nxajYsffLNfLV
[건너뜀] 이미 처리: activities/2a6pumnbtW1kOmeFyiB0
[건너뜀] 이미 처리: activities/2iKKSbD5B7YZBKIXYZ62
[건너뜀] 이미 처리: activities/2jZSvuBe5shOS5oj8tQ4
[건너뜀] 이미 처리: activities/31OBM5sKpTM3BnaleXNe
[건너뜀] 이미 처리: activities/399RKRffwF4B7Fa4VG6N
[건너뜀] 이미 처리: activities/3JWjOAiwJjNWIdLvZmV0
[건너뜀] 이미 처리: activities/3QncL6aAZZrJiUgMbT2V
[건너뜀] 이미 처리: activities/3WUo9ytKmQJFsHYFKZrp
[건너뜀] 이미 처리: activities/3b6vrneuZiDJ1r9c3Hyy
[건너뜀] 이미 처리: activities/3jlaZwKLyblZmn8jcN9M
[건너뜀] 이미 처리: activities/41EJ9xsYxedBUUByBC2y
[건너뜀] 이미 처리: activities/4KVmS8dTVRXVxOqrn74Z
[건너뜀] 이미 처리: activities/4MkrbcaD2tR3Sdd3dvKm
[건너뜀] 이미 처리: activities/4Mz8K8U7K4v7kEQ3JpO8
[건너뜀] 이미 처리: activities/4Q3rNrcfQdsKz40RKA0Z
[건너뜀] 이미 처리: activities/4S8LTbJwQOUrdfw9CD2q
[건너뜀] 이미 처리: activities/4S97tvlEfXuPcJVEjbZX
[건너뜀] 이미 처리: activities/4UB20tUcnK5DoLdAtxyg
[건너뜀] 이미 처리: activities/4V6MsGdECDIcyHmqFfj9
[건너뜀] 이미 처리: activities/4jmPhALpXJQH9KwRdOhx
[건너뜀] 이미 처리: activities/4nwSpfo0mPKdN9wCj7sA
[건너뜀] 이미 처리: activities/4tJgyiaxr3VOarjqLIMq
[건너뜀] 이미 처리: activities/4vvk0eFkhMUbNTpoYrzB
[건너뜀] 이미 처리: activities/4w6iPYZxODXMxqygtmxy
[건너뜀] 이미 처리: activities/56i3xO0rB7gXyKcEwk5n
[건너뜀] 이미 처리: activities/5Eja1Tx7q2UjMKgS2Pew
[건너뜀] 이미 처리: activities/5JLAhePcljaSfaTdvtTh
→ activities/5LVxDiCAGSMaZZcg0QXe | 2021년 배려와 소통은 왕따가 없다 ( 10월 16일 )
  OK (누적 1건)
→ activities/5XXgJiksfStHyUeLeB4Q | 제과제빵 수업 ( 단팥빵 )
  OK (누적 2건)
→ activities/5oq0zejvAqhRCEIQSakt | 제 2차 한국요리 (매주 토요일)
  OK (누적 3건)
→ activities/5qvTH6nCve4qtPwfR2Eh | 외국인 시민인문 강좌
  OK (누적 4건)
→ activities/5wg7UvGM3zbuHzlbkeiu | 9월  운전면허교실
  OK (누적 5건)
→ activities/60NGiTXzc0WHzqofBqLL | 2023년 2차 지역미화활동
  OK (누적 6건)
→ activities/65TCTtjognlcmKLqlzCq | 농축산 방문상담 ( (주)코리아 머쉬랜드)
  OK (누적 7건)
→ activities/66FM1Wm3IslLZrY0FKsM | 7월 한국어 강좌(3강좌)
  OK (누적 8건)
→ activities/673iN5cxVY7d90XBtImM | 캄보디아 공동체 행사
  OK (누적 9건)
→ activities/68gTrkNMpSz2ZtFFAb0S | 5월 정보화교육
  OK (누적 10건)
→ activities/69HmT2ofJ83FMvH0lt1w | 8월 한국어 초,중급,토픽 수업
  OK (누적 11건)
→ activities/6HAtIsCAhKrTYaulld7j | 3월 운전면허교실
  OK (누적 12건)
→ activities/6Lnd1kIRe9Fpsfx4qrXc | 문화체험(통도사, 자수정동굴, 대왕암)
  OK (누적 13건)
→ activities/6Ox5RtpwMnEJolATdejy | 기초생활교육
  OK (누적 14건)
→ activities/6P5PiUWMjJBv2bBIJxem | 제 4차 외국인 기초생활교육
  OK (누적 15건)
→ activities/6RyaTKY5lv8ypvAZPERB | 한국의 관광지
  OK (누적 16건)
→ activities/6a9VvsPLaRACWMDCT3nf | 제2차 외국인 조기적응교육(3/12)
  OK (누적 17건)
→ activities/6ewJFRXgThunAMogLYpE | 10월 23일 캄보디아 축제
  OK (누적 18건)
→ activities/6ezAwaYgYhNac3Ya8ALH | 5월 사회통합3단계 수업
  OK (누적 19건)
→ activities/6iQGD1BdGttHf0itXVu2 | 10월 네팔공동체 정기총회
  OK (누적 20건)
→ activities/6kvn9f31KlOEjZLgwCE3 | 나의 인생 컬러링 북 만들기 수업
  OK (누적 21건)
→ activities/6lYj8PL4FCEL1RGEkeoA | 제3차 농축산 방문상담
  [건너뜀] 갤러리 미지원 MIME: image/bmp
→ activities/6muR49pezn2IE3fQ6tCL | 2022년 제3회 조기적응교육
  OK (누적 22건)
→ activities/6n4V416Ro0U5z1tSwzBk | 10월 컴퓨터 수업
  OK (누적 23건)
→ activities/6nMODiyhNH2eKzfsgkHY | 7월 제과제빵수업
  OK (누적 24건)
→ activities/6uaiFOoIJV5gUWs5j1qD | 한국어 교육
  OK (누적 25건)
→ activities/763lPsIsFDaPfi5KqrRz | 8월 외국인 봉사활동
  OK (누적 26건)
→ activities/766dAHHbX9vV2mItwPMq | 한국요리 수업( 순두부찌개 & 감자전 )
  OK (누적 27건)
→ activities/77WMkmc0W6cy9hTJR5bP | 제11차 외국인기초생활교육
  OK (누적 28건)
→ activities/7DYde2IoJvSaUSZwEbiO | 2022년 6월 4일 농축산 방문상담
  OK (누적 29건)
→ activities/7GAM2Kr0KjNR3k4QeQcN | 5월 E-7-4(R)비자설명회
  OK (누적 30건)
→ activities/7MJ8xrpRlTP0frtaxUNx | 한국요리  수업 ( 매실청 & 떡볶이)
  OK (누적 31건)
→ activities/7Q79luLZgGWZhlhV9qJa | 10월 베트남 한국어수업
  OK (누적 32건)
→ activities/7R40FJtMzbyjmMhJQC9p | 3월 외국인 운전면허교실 (4차)
  OK (누적 33건)
→ activities/7Rgmz3axB4YqpmJwYyW6 | 2023년4차 기초생활교육 (5/7일)
  OK (누적 34건)
→ activities/7aMYuPYpny41lGtXaQFN | 제과제빵교육 (마들렌)
  OK (누적 35건)
→ activities/7bUc0lpkcrEAux8KQUXp | 한국요리 수업 ( 공중 떡볶이 & 김치찌개)
  OK (누적 36건)
→ activities/7ekwje9kuBlG9TeG1ogW | 8월 외국인 조기적응교육
  OK (누적 37건)
→ activities/7gekDg7qIk7hV0W5VGBJ | 5월 중국동포 조기적응교육
  OK (누적 38건)
→ activities/7huZpHhJBeuWx59xNIAG | 9월 무료영화상영
  OK (누적 39건)
→ activities/7iOrL9v8tFbCNNo3z9wJ | 7월 외국인 봉사활동
  OK (누적 40건)
→ activities/7rKdeJ0FowMca46kyCwD | 한국전통음악 체험
  OK (누적 41건)
→ activities/7txgOVDg3WJ3ctACobz6 | 김장체험
  OK (누적 42건)
→ activities/83KOUlZjH4eJRLaCE8Au | 10월 범죄예방교육
  OK (누적 43건)
→ activities/8BuCPq8o90rEIOtsGNtE | 2026년 1월 조기적응교육
  OK (누적 44건)
→ activities/8C5vYgkymOk6K42ModMe | 범죄예방교육 3,4차
  OK (누적 45건)
→ activities/8Dud7yZPD37ieuvgAw1i | 제2차 재직 외국인근로자 직업능력교육 수료식(09.25)
  OK (누적 46건)
→ activities/8IPwUUAP88QXzsDDaasu | 한국어공부 열공하는 외국인들
  OK (누적 47건)
→ activities/8K15JqinIu69gYHzm8dE | 한국 요리 수업 (닭도리탕)
  OK (누적 48건)
→ activities/8NJfTVK6B46MpUuHD8Ik | 6.24 농축산 방문상담
  OK (누적 49건)
→ activities/8ddLD9IJdsnbk55MiXc6 | 2021년 다양성의 힘 ( 10/23 )
  OK (누적 50건)
→ activities/8eZWtuu65x3xvUtwXs4C | 6차 지역미화활동
  OK (누적 51건)
→ activities/8hBScR0ShKOsQu5EOvkK | 2022년 지역미화활동
  OK (누적 52건)
→ activities/8hsSmIqElxmXg6fT8CjH | 8월 외국인근로자 지게차교육  (이론)
  OK (누적 53건)
→ activities/8my8kC9RoXYfuFFmwgwD | 6월 스리랑카 한국어수업
  OK (누적 54건)
→ activities/8pE5gFjyXCLCMv07Efnb | 조기적응교육
  OK (누적 55건)
→ activities/94L2jYAMeEpC9yai6c8N | 컴퓨터 교육
  OK (누적 56건)
→ activities/94itVBlfTPjBq2FfQ6YO | 9월 외국인 운전면허시험
  OK (누적 57건)
→ activities/9Cbc6MWAIQbW9TAcxsRF | 11월 한국어초,중급,토픽
  OK (누적 58건)
→ activities/9EmW9uluZbSA092wY5za | 6월 자동차운전면허 필기시험
  OK (누적 59건)
→ activities/9MX48EH1PAL19pgpmul7 | 한국요리 수업 (미역국)
  OK (누적 60건)
→ activities/9ONDddwdzzZqxti1oTKy | 경상북도 도지사 표창패
  OK (누적 61건)
→ activities/9OtATb7j0FN89RNjdVYx | 범죄 예방교육교실
  OK (누적 62건)
→ activities/9UFEN1979cUl9pjcmbnW | 지역미화활동
  OK (누적 63건)
→ activities/9goBVynaaJFKYLdJ1LKH | 농축산 방문상담 (푸른 육묘장 )
  OK (누적 64건)
→ activities/9jWAVFcUaVcJw1vAMI54 | 6월 외국인 기초생활교육
  OK (누적 65건)
→ activities/9k4C7PU0O7SrHOnJ3Tf0 | 1차 한국요리
  OK (누적 66건)
→ activities/9mGDsCVrXZZ6GucNTMsn | 한국어 교육
  OK (누적 67건)
→ activities/9pCRlpF37y7SHwDiogBZ | 1차 E-7 비자 설명회
  OK (누적 68건)
→ activities/9rfTwfVS80VCqdLAHGuc | 2차 E-7-4 비자설명회
  OK (누적 69건)
→ activities/A1xiXTTcgFDzDepnnFkB | 컴퓨터  수업 (매주 일요일)
  OK (누적 70건)
→ activities/ABhB0z53M2Q524r3pFMS | 한국요리 수업 (9/24)
  OK (누적 71건)
→ activities/ARMUmrQK4tJbxc0J4UrI | 7월 외국인근로자 지게차교육 (실습)
  OK (누적 72건)
→ activities/AWo2Dic4xiAm0pNZ2XwX | 외국인 기초생활교육 5,6차
  OK (누적 73건)
→ activities/AfnpIZL1tnchvCwAvi61 | 컴퓨터  수업 ( 2023/06/11 )
  OK (누적 74건)
→ activities/Ak6NAPIU0NJNBg8M2pd4 | 2022년 4월 2일 외국인 조기적응교육
  OK (누적 75건)
→ activities/Ama58NajHM2MP32vUzEa | 2021년 제2차 동포 조기적응교육
  [건너뜀] 갤러리 미지원 MIME: image/bmp
→ activities/ApXRd4a9WJsXVw2nDZuv | 8월 제과제빵수업
  OK (누적 76건)
→ activities/Atl0Bs2fPMC4owiNZdUc | 2021년 제1차 농축산 방문상담
  [건너뜀] 갤러리 미지원 MIME: image/bmp
→ activities/AvokRdSVQsOmgk4JJilx | 7월 외국인 운전면허교실
  OK (누적 77건)
→ activities/AyhlFKJKo5zCTta6wt0K | 한국어와 높임말
  OK (누적 78건)
→ activities/B82zyk9AV40lZl64rQy9 | 지역미화활동
  OK (누적 79건)
→ activities/BNXSYowflvCuMb0fXfP7 | 컴퓨터 수업 매주 일요일
  OK (누적 80건)
→ activities/BPe0eymZSAPcKhzD8PYn | 2021년 더불어 만드는 내일 ( 12/18 )
  OK (누적 81건)
→ activities/BPh2BGCpwev5NVVi5LbA | 제8차 운전면허교실
  OK (누적 82건)
→ activities/BR0vmjUq5v9FnJl2OQTJ | 캄보디아 영화상영
  OK (누적 83건)
→ activities/Bk2PAiDLtwDHZT5DoHwF | 11월 외국인 기초생활교육
  OK (누적 84건)
→ activities/Bm05ZegpLeWn8dVSm3Qz | 5월 범죄예방교육 5,6차
  OK (누적 85건)
→ activities/BrFbp9CEFmoiEVpv9WfT | 7월 E-7 비자 설명회
  OK (누적 86건)
→ activities/BshklWKUfE5wXZ8fbhk8 | 컴퓨터 수업
  OK (누적 87건)
→ activities/BtRoFXlKvf6Ney9Rmv8I | 제9차 지역환경보전 및 공동체의식 함양교육
  OK (누적 88건)
→ activities/BuFGogT33z514iUhlJNS | 농축산 방문상담(6.19)
  [건너뜀] 갤러리 미지원 MIME: image/bmp
→ activities/C47C3WQISrpubCwRmDJy | 제과제빵 수업 ( 6/4 )
  OK (누적 89건)
→ activities/C5JP5dmaka0I9FIZFRqU | 6월 범죄예방교육
  OK (누적 90건)
→ activities/CATb5LWxmZtoRE1S3h4b | 제 8차 외국인 조기적응교육
  OK (누적 91건)
→ activities/CCRuXhM35rAk6W5sBLf8 | 제10차 외국인 기초생활교육(09.24)
  OK (누적 92건)
→ activities/CL4nwLPgPaCRv32QjWZX | 겨울의류 무료 지급
  OK (누적 93건)
→ activities/CRHwWInskYiPg8tD8Bbt | 5월 캄보디아 한국어수업
  OK (누적 94건)
→ activities/CbMzWruklYfwi9NCwoyy | 6월 사회통합3단계 수업
  OK (누적 95건)
→ activities/CgfemURUg2NMXH9H2U8y | 농축산방문상담
  OK (누적 96건)
→ activities/CqFOSAvkDElZPwLKPu1s | 2022년 제4회 운전면허교실
  OK (누적 97건)
→ activities/D6f1TWvkKy2vtZoyX8Oi | 4월 한국어 강좌(3강좌)
  OK (누적 98건)
→ activities/D89zHio5pQ7PCbxysmwI | 9월 한국문화체험,윶놀이
  OK (누적 99건)
→ activities/D9PGvqoweCp33J5shuvl | 5월 농축산방문상담
  OK (누적 100건)
→ activities/DB7VFvfoLnRKN6TOVEFP | 2026년 2월 외국인 모바일 교육
  OK (누적 101건)
→ activities/DShPZ36Ws01mSvzR420v | 5차 농축산 방문상담
  [건너뜀] 갤러리 미지원 MIME: image/bmp
→ activities/DToFyHaDKg6hsYeT7Nr9 | 2026년 2월 조기적응교육
  OK (누적 102건)
→ activities/DXlXQyGwPgWbdprJrINc | 7월 사회통합프로그램 3단계
  OK (누적 103건)
→ activities/DZfSEgP0aB4OE9x5MlOt | 2021년 한국의 역사3 ( 11/28 )
  OK (누적 104건)
→ activities/Dy7UCLfdkv1KpaohxLtC | 한국어교육
  OK (누적 105건)
→ activities/E4UIsCEIz7zSXf6M6IAB | 11월 범죄예방교육
  OK (누적 106건)
→ activities/E8aRXPZcDowMag18MRjA | 제 10차 외국인  조기적응교육
  OK (누적 107건)
→ activities/EHK6JRR181uxuRZjWtVi | 제3차 중국동포 조기적응교육
  OK (누적 108건)
→ activities/ELKvfk0cjjtnjm9xu4sv | 경주 향교 문화체험 2
  OK (누적 109건)
→ activities/EN5Af7IpgnfxYz8GUGe6 | 한국의 의식주 문화
  OK (누적 110건)
→ activities/EVCH4nj4Tch5Tc3uDK2Y | 6월  한국문화체험관광
  OK (누적 111건)
→ activities/EeprIm4bxShsyjH5AHed | 8월 네팔 한국어수업
  OK (누적 112건)
→ activities/Eg7yiRh9bB0SSBVS4vqI | 경주 엑스포 관람
  OK (누적 113건)
→ activities/ElCG2mUvmycwn16H2dIM | 10월 사회통합프로그램 수업
  OK (누적 114건)
→ activities/Elkxs8Xz1nV5boCmSOj4 | 농축산 방문상담
  OK (누적 115건)
→ activities/EsR45UFgJruBUUj88yWN | 6월 도서관 교육
  OK (누적 116건)
→ activities/Euo0Z3z3ba0LqUFbYN9g | 12월 한국어기초(캄보디아반)
  OK (누적 117건)
→ activities/EwOee7Xp4zywM4aM019B | 6차 농축산 방문상담
  [건너뜀] 갤러리 미지원 MIME: image/bmp
→ activities/F7iyYZDit2c8rtqiKUAV | 외국인 근로자  지게차 굴삭기 운전교육
  OK (누적 118건)
→ activities/FFaPArjIqvLUImYGlCq5 | 9월 한국어 기초(캄보디아반)
  OK (누적 119건)
→ activities/FGTy4OpBKSUdQwZPaOMx | 사회통합3단계 수업
  OK (누적 120건)
→ activities/FKUpIlaTcQE6hpd72nmK | 2022년 5월 1일 농축산 방문상담
  OK (누적 121건)
→ activities/FSPTmBwoX1G3Dqlser52 | 한국문화교실
  OK (누적 122건)
→ activities/FXeuqYSfYgHmx3HOD785 | 4월 운전면허교실
  OK (누적 123건)
→ activities/FcZrYyUT520cH5YALLwL | 9월 KIIP 3 수업
  OK (누적 124건)
→ activities/Fh8slsYcSSZbfx4lpnHQ | 중국동포 조기적응프로그램
  OK (누적 125건)
→ activities/FiM9qkBQlKQPc7CDr1HS | 외국인 운전면허교실(외사계)
  OK (누적 126건)
→ activities/FievpeA00fyB4HAh9aKQ | 재직 외국인 근로자 직업능력(지게차 과정) 수료식
  OK (누적 127건)
→ activities/FwHgxNOoUMMgkU6jSnmI | 2021년 외국인 기초생활교육 ( 12/4 )
  OK (누적 128건)
→ activities/Fwk1WTmxRuljzm42JPH6 | 캄보디아 한국어반
  OK (누적 129건)
→ activities/Fzdv1sg3HIieX45h8Zsf | 2021년 외국인 조기적응교육 (11/14)
  OK (누적 130건)
→ activities/G2nfNcJ8k8Dis3E5MfA3 | 9월 E-7-4(R) 비자설명회
  OK (누적 131건)
→ activities/G9BSCWAHY1TqxeoKfrHy | 11월 한국어기초(캄보디아반)
  OK (누적 132건)
→ activities/GIw6c90ZLpDRiTOiV18h | 농축산방문상담(7/21일)
  OK (누적 133건)
→ activities/GO1p4pgdmdGNpmnBvPa7 | 제 1차 외국인 운전면허교실
  OK (누적 134건)
→ activities/GW4rjEEZEVzMe2tIaobQ | 지역미화활동
  OK (누적 135건)
→ activities/GX7u4RYi8VFR14clHBWw | 11월 봉사의식함양교육
  OK (누적 136건)
→ activities/GYCj6VfOEtYUQlkLK1mL | 10월 컬러링 수업
  OK (누적 137건)
→ activities/GaQiaCmYpumLbaF932uN | 인생 컬러링 수업(매주5~6회)
  OK (누적 138건)
→ activities/GcMzQ49wLgrYp8ClrQDO | 8월 네팔 근로자 사망에 따른 성금 모금
  OK (누적 139건)
→ activities/GfqEqr6J1pluypNk6cz6 | 2월 스리랑카 한국어수업
  OK (누적 140건)
→ activities/GgDcwZLl4vqyNZ8p5gPn | 자국민(캄보디아) 한국어수업
  OK (누적 141건)
→ activities/GmuK2K0gOMkRrX8AVv5o | 5월 E-7 비자 설명회 3차
  OK (누적 142건)
→ activities/GoiryOLgRBKYRjq4YsgZ | 2023년 불국사 템플스테이 (7/16)
  OK (누적 143건)
→ activities/GpmOTYJunBpFPZ6okhYp | 12월 범죄예방교육
  OK (누적 144건)
→ activities/GruROXPIGtUfN0WZ2QRe | 한국어 교육
  OK (누적 145건)
→ activities/Gv8IfcQ25PvEmjSLKOS3 | 지역미화활동
  OK (누적 146건)
→ activities/H69YVIqXk4VEkZeBnrGZ | 제2차 재직 외국인근로자 지게차,굴삭기 운전교육
  OK (누적 147건)
→ activities/H85ymNCZrBiIjCxMy6er | 농축산방문상담 (4/7)
  OK (누적 148건)
→ activities/HVjEP6Ow7Bwi46p5WdOL | 5월 한국어 강좌(3강좌)
  OK (누적 149건)
→ activities/HkmlOy5skdaF2nF3LRM9 | 5월 외국인 기초생활교육
  OK (누적 150건)
→ activities/Hs7DZLk0YL1BItpW5pbf | 9월 외국인 선진도시 문화체험
  OK (누적 151건)
→ activities/HslqNdSaJdkiDdZO5spA | 2021년 지역 환경개선 및 봉사의식 함양 교육 ( 10월 24일 )
  OK (누적 152건)
→ activities/HtB1zEj2RBO8rET1SpBE | 2021년 외국인 기초생활교육 ( 11/21 )
  OK (누적 153건)
→ activities/I1VWvQFtUog8jpASJVEj | 9월 외국인 조기적응교육
  OK (누적 154건)
→ activities/IFN2w5WL8zEhS1OKhNzP | 2024년 제 1회 지역미화활동
  OK (누적 155건)
→ activities/ILXQq9Hp3hJW0PRHKbAn | 5월 지역 미화활동
  OK (누적 156건)
→ activities/IXe9Wc5j6fXqWFqmzxlM | 9월 지역리더와의 만남
  OK (누적 157건)
→ activities/IYr3secGUuplMkath1fK | 자본주의와 사회주의
  OK (누적 158건)
→ activities/IYreE2Sqtyy6JGFyi1nC | 한국요리 수업 (꼬마 김밥)
  OK (누적 159건)
→ activities/IbtUXzkLp8JefrAJWrYt | 제과제빵 수업 ( 초코칩 쿠키)
  OK (누적 160건)
→ activities/Ibwbyru04RnADnzceRuW | 외국인 직업능력 향상 교육
  OK (누적 161건)
→ activities/IommdTQaC44HZS2GYFCz | 자국민(베트남) 한국어수업
  OK (누적 162건)
→ activities/ItnBi6n95urpEPnuJpkd | 6월 외국인 조기적응교육
  OK (누적 163건)
→ activities/IuXsXiFWAX1GBvcdW1ZT | 9월 네팔 한국어수업
  OK (누적 164건)
→ activities/J4HqqGaSBiYTadOTI324 | 2022년 4월 25일 농축산 방문상담
  OK (누적 165건)
→ activities/J5XGvymIOzBZ2a8RbDlu | 8월 사회통합프로그램  4단계
  OK (누적 166건)
→ activities/JOUbCNKwV0soqKBfs3pr | 10월 한국어 초,중급,토픽 수업
  OK (누적 167건)
→ activities/JPhva93Iv7ZKREFPlSS8 | 6월 요리수업(외동중
  OK (누적 168건)
→ activities/JXy68pKbw99Be1YxD0jk | 2021년 외국인운전면허교실 ( 11/27 )
  OK (누적 169건)
→ activities/JaBj37z0EOjmPwGdYflv | 토픽1반 수업
  OK (누적 170건)
→ activities/JaPUCyxIESKldoTtw3Zg | 컴퓨터  수업 ( 8/20일 )
  OK (누적 171건)
→ activities/JbSN02h7GZf6V9Gtre52 | 외국인 봉사단 발대식
  OK (누적 172건)
→ activities/JdhCQeFCLCfzk1Ijf7Q0 | 9월 화단 페인트칠 봉사활동
  OK (누적 173건)
→ activities/JmhbSwqWTUhX1wenis4n | 8월 외국인 기초생활교육
  OK (누적 174건)
→ activities/Jr4ral1S1JxgO6gyyaZb | 6월  무료영화상영
  OK (누적 175건)
→ activities/JrHcCuBdzpReRvs4knSD | 9월 외국인 조기적응교육
  OK (누적 176건)
→ activities/JrS9cfyhpVFVp2xX37vy | 7월 한국요리수업
  OK (누적 177건)
→ activities/K1uY4Ie2o5R5qWhrnNDO | 9월 봉사의식함양교육
  OK (누적 178건)
→ activities/K4b2ljbjjABetHJ1IAq1 | 11월 E-7 비자 설명회
  OK (누적 179건)
→ activities/K8a610uYoMQNEXBiWVm2 | 제11차 농축산 방문상담
  OK (누적 180건)
→ activities/KBRYIiCUrgyuEDwT74ML | 11월 E-7-4(R) 비자설명회
  OK (누적 181건)
→ activities/KDz90Bh81rbKlguCMtEi | 한국어 교육
  OK (누적 182건)
→ activities/KNnAg1CTkWgjRwFWTlQG | 한국의 역사3
  OK (누적 183건)
→ activities/KQbmezZQwpzD5oRHIie4 | 3월 스리랑카 한국어수업
  OK (누적 184건)
→ activities/KRlApLoxf3cmoZYHsW3n | 2021년 사회 공헌 ( 12/11 )
  OK (누적 185건)
→ activities/KS62jDxJt7fvMBceJQPA | 운전면허교실
  OK (누적 186건)
→ activities/KoqZZLSIIAyVOjqbjnOC | 제2차 농축산 방문상담
  [건너뜀] 갤러리 미지원 MIME: image/bmp
→ activities/Krmu3rK45AcjhTfvRk6W | 제 5차 지역미화활동
  OK (누적 187건)
→ activities/KvVfUQyFxVHx3l7D5RV0 | 제 2차 제과제빵 수업 ( 매주 일요일 )
  OK (누적 188건)
→ activities/KvgR76ICZo0GgmlQmOsH | 농축산 방문상담( 5/19)
  OK (누적 189건)
→ activities/Kyo1rxLxfKli4hBXxy6V | 5월 사회통합프로그램 평가
  OK (누적 190건)
→ activities/L8aayaqgWBsXjikIYuX7 | 제9차 외국인 운전면허교실
  OK (누적 191건)
→ activities/LH3gBOH9pEdqhoNYGF5l | 10월 한국어기초(방글라데시반)
  OK (누적 192건)
→ activities/LIH5nz1pJRL5epu3y0VJ | 조기적응교육
  OK (누적 193건)
→ activities/LQXslqRfYBJ0VrmE8Ofq | 운전면허 교실
  OK (누적 194건)
→ activities/LXpzBpsljgdMY7skQCKP | 2021년 외국인 조기적응교육 ( 12/5 )
  OK (누적 195건)
→ activities/LY7P0nvT2TJVD6zmA9X2 | 9월 봉사의식함양교육
  OK (누적 196건)
→ activities/Li7TUAigrRZMf5RVxaBH | 11월 조기적응교육
  OK (누적 197건)
→ activities/LiTv9K9nHI3lXWoFgwlt | 2021년 조기적응 교육 ( 10월 10일 )
  OK (누적 198건)
→ activities/Lo2Z1yb7naQNK2CZ7p9n | 베트남 공동체 행사
  OK (누적 199건)
→ activities/LsVmuhAwLMzYHMja3281 | 제 10차 외국인  조기적응교육
  OK (누적 200건)
→ activities/LxVIxP4bPaNE3H25QCq7 | 9월 한국어기초(방글라데시반)
  OK (누적 201건)
→ activities/M4BZFKT4W9O3MT86nmoD | 캄보디아 영화상영
  OK (누적 202건)
→ activities/M7OvK0XUdhfVUPZzfAEs | 한국요리수업 3,4차
  OK (누적 203건)
→ activities/M93yDhOrd7Rln6msXhiy | 제과제빵 수업  ( 초코칩 쿠키 )
  OK (누적 204건)
→ activities/MFI06LtFaIZFdcgOO5mM | 제6회 운전면허교실
  OK (누적 205건)
→ activities/MKP3nExllhHUtyZOm4kT | 효청보건고등학교 협약체결 및 후원물품 전달
  OK (누적 206건)
→ activities/MNoVEnyCIF5eJTIDtqeU | 한국불교문화교육 (3/26)
  OK (누적 207건)
→ activities/MO8PuS9wr3fD5ojSIImq | 효청보건고등학교 기부물품 전달식
  OK (누적 208건)
→ activities/MOXPF34LBSDsVxXI7m9e | 원동기 운전면허 시험
  OK (누적 209건)
→ activities/MScPgIE4FZMMgvoqWasI | 제과 제빵 수업( 버터 쿠키 )
  OK (누적 210건)
→ activities/MVAXaEICD28gjGwZzg4d | 10월 운전면허교실
  OK (누적 211건)
→ activities/MZ0SvNyIdubVMOqQYKqG | 지역환경개선 및 봉사의식함양 교육
  OK (누적 212건)
→ activities/MZsvJzOJoO7pbtI0hs0e | 안전 및 심폐소생술 교육
  OK (누적 213건)
→ activities/MdAz0KYJHOKXr5WZp5uk | 5월 한국요리수업 5,6차
  OK (누적 214건)
→ activities/MgrFCmwLkmKkQc1lrj62 | 한국어 초,중급,토픽
  OK (누적 215건)
→ activities/Mv67jjoKwg32m0DVKomh | 11월 네팔공동체 명절행사
  OK (누적 216건)
→ activities/N7IAzJewfr4qSiBUJs0L | 12월 TOPIK 반
  OK (누적 217건)
→ activities/NBp3kfjfwQfN2Rt88jeL | 제 6차 외국인 조기적응 교육
  OK (누적 218건)
→ activities/NEcRuP45QPWmUo4xDw0z | 제 15차 외국인 기초생활교육
  OK (누적 219건)
→ activities/NO4CCld7b2NyaTZ0MkLu | 효청보건고등학교 협약체결 및 후원물품 전달
  OK (누적 220건)
→ activities/NgY1rxin9FbSkRXRfiyx | 한국의 역사1
  OK (누적 221건)
→ activities/NhteMg74tkYkTuHYoXPX | 6월  외국인 봉사활동
  OK (누적 222건)
→ activities/NiaIOoKnE7mNpr33ynAB | 날마다부처님 그림전시회(9/24)
  OK (누적 223건)
→ activities/NpHCDAIBOKD0xwGPWe1q | 5월 한국어 자격증반
  OK (누적 224건)
→ activities/NqLl9EBpP88wbTwLMkcM | 도서관 수업
  OK (누적 225건)
→ activities/NtTPqabYIgegCmEWhxoi | 2022년 5월 20일 경주시종합자원봉사센터 - (사)외국인과 동행 업무협약식
  [건너뜀] 갤러리 미지원 MIME: image/bmp
→ activities/NtY5jf0yrXMO9FMpjJIy | 2022년 6월 5일 농축산 방문상담
  OK (누적 226건)
→ activities/Nth78qhKXVamwUjzEAS5 | 2022년 4월 16일 외국인 조기적응교육
  OK (누적 227건)
→ activities/O14ApNoDRmRX5reQ6A1F | 4월 기초생활교육
  OK (누적 228건)
→ activities/O4JfMAznGxgnl9lcPOTr | 5월 자국민(베트남) 한국어 수업
  OK (누적 229건)
→ activities/OB7sS9e1tblTFn8NIq1W | 7월 E-7-4(R)비자설명회
  OK (누적 230건)
→ activities/OU1jcQp3oJZj6Vjju7nq | 제 14차 운전면허교실
  OK (누적 231건)
→ activities/OWpgTaKinheWvoX70gVM | 네팔 행사
  OK (누적 232건)
→ activities/OXa1k9MjuucdgdZst7cz | 대구지방검찰청 경주지청장 위문금 전달
  OK (누적 233건)
→ activities/OYDcoYXDpLci3VAFl37g | 5월 외국인근로자 지게차교육
  OK (누적 234건)
→ activities/ObJLO8IQgsO4T0zUQwLk | 2025년 제1차 지역미화활동
  OK (누적 235건)
→ activities/OfDelvtNJjQOIWPj3XZy | 6월 외국인 운전면허교실
  OK (누적 236건)
→ activities/P2VaNA9FP9ioewfECAO2 | 제8차 외국인 기초생활교육
  OK (누적 237건)
→ activities/P4hwSPyHDjx5e69UwSSW | 9월 캄보디아 한국어수업
  OK (누적 238건)
→ activities/P6KR3TAxdM3qgZXX3WNd | 농축산방문상담 (7/14)
  OK (누적 239건)
→ activities/P7Mkl0JsX3Sidjv0ii2S | 한국어 수업(2023/05/20)
  OK (누적 240건)
→ activities/P8LH4cXLKktIH9hKzVW8 | 지역미화활동
  OK (누적 241건)
→ activities/P8dUQcVsWeq4rF1kovb0 | 9월 컴퓨터 수업
  OK (누적 242건)
→ activities/PGYA6P9j0BKO3ebLnjC1 | 2월 제과제빵수업
  OK (누적 243건)
→ activities/PIDaQ8cHDgtKflbTxIj9 | 6월 중국동포 조기적응 3차교육
  OK (누적 244건)
→ activities/PM5qkKN1S8J6wLSTKO3E | 3월 기초생활교육
  OK (누적 245건)
→ activities/PVuSeW9SlsUSEgXJ7nm9 | 8월 외국인근로자 지게차교육  (실습)
  OK (누적 246건)
→ activities/Phc0AiTuyKBZxP0x6lqJ | 8월 컴퓨터 수업
  OK (누적 247건)
→ activities/PiIEU6tf4g6CpCSgxhgs | 지역리더와의 만남
  OK (누적 248건)
→ activities/PjGs754ZZI1UVLQhRpAF | 조기적응교육
  OK (누적 249건)
→ activities/PkP60rqnskvFTgyoNiGJ | 귀국 및 보험 상담
  OK (누적 250건)
→ activities/Pqn0P1YFb7jx1eX0zoK0 | 6월 운전면허교실
  OK (누적 251건)
→ activities/PwnfLrPhiz83wvYdcvgX | 제2차 지역 환경보전 및 공동체의식 함양 교육
  OK (누적 252건)
→ activities/PzfcjOqMBzEBW9tJWoQg | 이주 외국인이 지역민으로서의 당당한 삶
  OK (누적 253건)
→ activities/Q4Hh6a0rlcZhHEhH8HHr | 농축산 방문상담 (4월 21일)
  OK (누적 254건)
→ activities/Q5uIhiGZIDongNdeE1Xc | 사회통합 수업 3,4단계 수업
  OK (누적 255건)
→ activities/Q6pSb0SK4iHQ4D9SWoRJ | 제4차 지역미화활동
  OK (누적 256건)
→ activities/QFjVXPk7d93swacrdLM3 | 8월 지게차 실기수업
  OK (누적 257건)
→ activities/QGeFFgOYc8OzgqkK82GW | 8월 캄보디아 한국어수업
  OK (누적 258건)
→ activities/QPPMGZGgsmXE3DwG5IKM | 7월 봉사의식함양교육
  OK (누적 259건)
→ activities/QlHdnUIN9LCuCw2rrf9G | 7월 외국인 조기적응교육
  OK (누적 260건)
→ activities/QxEW111wY5V5utmigzaH | 7월 외국인근로자 지게차교육 (이론)
  OK (누적 261건)
→ activities/QxdfNDCtxRZCIu2AQFS1 | 한국어 교육
  OK (누적 262건)
→ activities/R9UQwi0K7O6ozRwdj0VD | 10월 영화상영
  OK (누적 263건)
→ activities/RDoFMMnS3mLcT69SinKQ | 5월 사회통합프로그램
  OK (누적 264건)
→ activities/RJutf1LH4cHoLc8Aily0 | 8월 사회통합프로그램  3단계
  OK (누적 265건)
→ activities/RPGi7hpg9VbyMnOPlLzt | 네팔 공동체 회의
  OK (누적 266건)
→ activities/RRNMCK2JCOnm13dPtqHp | 컴퓨터 수업( 2023 6/11일 )
  OK (누적 267건)
→ activities/RUX7OqRkPtgx3QnxYXFv | 7차 외국인운전면허교실
  OK (누적 268건)
→ activities/RVC3J05jZYEQYLci6DGY | 7월 컴퓨터 수업
  OK (누적 269건)
→ activities/RknagApeC0iVwexxWZHp | 4월 E-7-4 비자설명회
  OK (누적 270건)
→ activities/RlT7Htj0nC2exzYs1dvh | 농축산 방문상담 (청도 베트남 농부 농장)
  OK (누적 271건)
→ activities/RmWlRuzTD9Ow0Ha18DxH | 2022년 5월 13일 중국동포 조기적응교육
  OK (누적 272건)
→ activities/S1okRkotqRIKO2pSYWwI | 5월 외국인 조기적응교육
  OK (누적 273건)
→ activities/S6hYLt19E2Tmks9e8RJa | 6월 사회통합프로그램
  OK (누적 274건)
→ activities/S9rTewmFQPQ7C8usZibu | 제4차 조기적응교육 및 한국어수업 (2023/05/21 )
  OK (누적 275건)
→ activities/SCqkAYVkqP7Ki0SPfJY7 | 외국인 조기적응교육 ( 12/12 )
  OK (누적 276건)
→ activities/SLRXjuUWxwKohZMi9lF3 | 외국인 운전면허교실 ( 12/18 )
  OK (누적 277건)
→ activities/SORfeFMkCprHq7187TA5 | 2021년 지역미화활동 ( 10월 16일 )
  OK (누적 278건)
→ activities/SQZTOXmXQ1bR9gPp7CLw | 지역환경개선 및 봉사의식 교육
  OK (누적 279건)
→ activities/SSfZqOBzyBsvzAL5zIcg | 배려와 소통은 왕따가 없다
  OK (누적 280건)
→ activities/SY8awlZ5edZpDy2L0tTJ | 2021년 한국인의 사고방식 ( 12/12 )
  OK (누적 281건)
→ activities/SaxfWzf4OprE9ihf0UBZ | 한국어 교육
  OK (누적 282건)
→ activities/Svm7fpBukBJHDz0QNjdO | 5월 중국동포 조기적응 교육
  OK (누적 283건)
→ activities/SyShI060YqptEt4fvMrd | 외국인 조기적응교육 4차
  OK (누적 284건)
→ activities/T9hAyNuPLCMXYOwpK7u5 | 한국의 지리와 계절
  OK (누적 285건)
→ activities/TAprlHGibms5EWxAScYM | 10월 TOPIK 반
  OK (누적 286건)
→ activities/TFPaCZEwinAvctuwNgYY | 농축산방문상담 (4월)
  OK (누적 287건)
→ activities/TPwv16apGnevxYxMXcoW | 한국어 교육
  OK (누적 288건)
→ activities/TcPoPRoyqHJFL5yDjM5Y | 2026년 2월 외국인 기초생활교육
  OK (누적 289건)
→ activities/TjV76Ve1ZETkw5KUl7uV | 제12차 농축산 방문상담
  [건너뜀] 갤러리 미지원 MIME: image/bmp
→ activities/TpqVoznz6ULiglO492jr | 한국요리 수업 (꼬마 김밥)
  OK (누적 290건)
→ activities/TunibHzXWKRnlLMLYZDv | 10월 지게차 실기수업
  OK (누적 291건)
→ activities/Tve3MuTufhFNo5eVNq6U | 5월 제과제빵수업
  OK (누적 292건)
→ activities/Tyigf6frg7slpIuZ2Y7D | 2022년 4월 17일 방글라대시 대사관 영사업무
  OK (누적 293건)
→ activities/U16T8Bfmi8HfhqC279PN | 9월 E-7 비자 설명회
  OK (누적 294건)
→ activities/U1AG0iX6v8T7LxFdyL66 | 7월 무료영화상영
  OK (누적 295건)
→ activities/U4h7vMilHJ4rdRNmhQxP | 11월 운전면허필기시험
  OK (누적 296건)
→ activities/U4o9JmX70zw0MaEiAcRU | 10월 지역미화활동
  OK (누적 297건)
→ activities/U92XOX2c4exOso2VYZG5 | 5월 봉사의식함양교육
  OK (누적 298건)
→ activities/UB87DaERTqndcfplvCpq | 제6차 기초생활교육
  OK (누적 299건)
→ activities/UBtxeJG6w0gbJfQO8nzt | 2025년 한국어 중급 수업
  OK (누적 300건)
→ activities/UI1xPfaCS90rBRWNC9F6 | 제과제빵 수업 ( 버터롤)
  OK (누적 301건)
→ activities/UPDiZTZvc3i5oovIWkrA | 후원의 날 행사
  OK (누적 302건)
→ activities/UQnrgdKrJhzqyWrSbmNE | 9월 지게차 이론수업
  OK (누적 303건)
→ activities/UTrQQO2Ysa1xwx3lRfi2 | 4월 캄보디아 한국어 수업
  OK (누적 304건)
→ activities/UTvjAF0IP5cOCGXoWhWN | 4월 사회통합프로그램 평가
  OK (누적 305건)
→ activities/UoWOp4AmexDjrKffEb1N | 4월 사회통합프로그램
  OK (누적 306건)
→ activities/UoqgYZ8ZplujokKWP1n3 | 외국인 대상으로 인문학 강의
  OK (누적 307건)
→ activities/Ux5QL9TN8dWIihnX07nJ | 6월 캄보디아 한국어수업
  OK (누적 308건)
→ activities/V7SgCGLlZRfn1xG99ncK | 3차 기초생활교육 (4/2일)
  OK (누적 309건)
→ activities/VNzbkToOKSC1UEEVq8bJ | 무료 진료
  OK (누적 310건)
→ activities/VUjvlI9yRBFgO9qpkN0V | 8월 지게차 이론수업
  OK (누적 311건)
→ activities/VYoywB5BWYodThPowvNP | 3월 외국인 조기적응교육 (3차)
  OK (누적 312건)
→ activities/VkGfm3G2azONUAT6jckL | 3월 자국민(베트남) 한국어수업
  OK (누적 313건)
→ activities/VocA1jE8twVMxxSCDYgN | 제8차 외국인 조기적응교육
  OK (누적 314건)
→ activities/VtXehZoVdetbHz5pbVr7 | 6월 네팔공동체(체육)행사
  OK (누적 315건)
→ activities/W6a3oYeUb8y8ok2rmOai | 6월 교통안전교육
  OK (누적 316건)
→ activities/W8Gq48dnw0P1r6Qey20z | 기초생활교육
  OK (누적 317건)
→ activities/WAOUpfUHTpGuqVeC0AOU | 인생컬링 전시회 관람
  OK (누적 318건)
→ activities/WOQwJ03DeWg9blac31pB | 8월 E-7 비자 설명회
  OK (누적 319건)
→ activities/WPnARcsfeXGib3yd7zhw | 운전면허교실
  OK (누적 320건)
→ activities/WUfd63qvxbLDYY921WO8 | 제9차 외국인 기초생활교육
  OK (누적 321건)
→ activities/Wafp4pCQBmWvbvpTaDQG | 기초생활교육
  OK (누적 322건)
→ activities/WlKlgQvQIjIOqJiH3SvS | 재직 외국인 근로자 직업능력(지게차 과정) 수료식
  OK (누적 323건)
→ activities/Wlh6jO5usb81FnOIsvtF | 농축산 방문상담 (김처유통)
  OK (누적 324건)
→ activities/WsZzwI1YlJCHmi6mRgnJ | 3월 E-7-4 비자설명회
  OK (누적 325건)
→ activities/WtfJPmoBFvWssqXx0hTH | 8월 무료영화상영
  OK (누적 326건)
→ activities/WzFimscPLIxehXJoCdN7 | 제11차 운전면허교실
  OK (누적 327건)
→ activities/X13FqrcBVS2v28DNYrtK | 11월 제과제빵
  OK (누적 328건)
→ activities/X5b7hs84oibTXSBmw0jK | 농축산방문상담(23일)-장지토마토
  OK (누적 329건)
→ activities/XDsWj1czFaSphkEdoxfn | 7월 자국민(베트남) 한국어 수업
  OK (누적 330건)
→ activities/XJ8NaBMML8s15pCCL61X | 11월 사회통합프로그램
  OK (누적 331건)
→ activities/XRBzUbaolEpd9Dp84uj7 | 2022년 5월 21일 농축산 방문상담
  OK (누적 332건)
→ activities/XTd4VWTu5eoxZnRLLT1P | 3차 기초생활교육 (4/2일)
  OK (누적 333건)
→ activities/XThoNlN4lHynGHTwoEZZ | 9월 베트남 한국어수업
  OK (누적 334건)
→ activities/XZV2qe6Obnbgr5SCnBCh | 경주 경찰서 외사치안협력위원회 기부금 전달
  OK (누적 335건)
→ activities/XelVQ7qn3360ynTEUFLt | 4월 조기적응교육
  OK (누적 336건)
→ activities/XsMpFQ0V2xkQdRGT1HOx | 10월 외국인 기초생활교육
  OK (누적 337건)
→ activities/XwAbe9IbT3U4h38EoaQz | 지역리더와의 만남
  OK (누적 338건)
→ activities/Y1p19NdYSuexKVuFj2rd | 세계인의 문화축제 단체사진
  OK (누적 339건)
→ activities/Y6DAlvJabIJ5veQOasqL | ■재직외국인근로자 직무향상지게차교육■
  OK (누적 340건)
→ activities/Y9IYiPGbtq9hfrYd9Vju | 2021년 제1차 동포 조기적응교육
  [건너뜀] 갤러리 미지원 MIME: image/bmp
→ activities/YH4EO3RTRydwiV5x25mM | 한국불교문화교육 (6/4 )
  OK (누적 341건)
→ activities/YIoriUhZZOUuSvI3wWaF | 제10차 지역환경보전 및 공동체의식 함양교육
  OK (누적 342건)
→ activities/YO81gkd4QaRubCKS8jfq | 제9차 외국인 조기적응교육
  OK (누적 343건)
→ activities/YOvfkfd7vxqzkgA56Zi4 | 제과제빵  수업 (소세지빵)
  OK (누적 344건)
→ activities/YQ20L83gGyAo0BzsGVLA | 2021년 한국어 교실 ( 10/ 10 ~ 12/12 )
  OK (누적 345건)
→ activities/YS6WPpEQi3we6ULMEYSC | 농축산 방문상담(강변콩나물)
  OK (누적 346건)
→ activities/Ya3Q35zhDuP4NEwoBUbO | 10월 숲 속 지역미화활동
  OK (누적 347건)
→ activities/YcXMRSEpqGETyHoFPQlO | 5월 방글라데시 한국어수업
  OK (누적 348건)
→ activities/YmpQUrE55UAYfY3Kwjjt | 5월 방글라데시 대사관 영사 서비스
  OK (누적 349건)
→ activities/Yn1KjZbWP707lnqCbRSi | 지역미화활동
  OK (누적 350건)
→ activities/YponYyHELgpCgiNquooh | 10월 E-7 비자 설명회
  OK (누적 351건)
→ activities/Yu0f6bn2vfK1H0z2z52x | 농축산방문상담(23일)-군북방아작목반
  OK (누적 352건)
→ activities/YunVPleTu6jaLHrG66KE | 9월 네팔공동체 행사
  OK (누적 353건)
→ activities/Z1GNgZYv2q2ByjWwtbkZ | 중국동포 조기적응 교육
  OK (누적 354건)
→ activities/Z2GSwnE7UOIRnowBdvO0 | 2022년 5월 7일 운전면허교실
  OK (누적 355건)
→ activities/Z3fXjZt4TsUh2bDnpkcb | 11월 컬러링수업
  OK (누적 356건)
→ activities/Z6RyUvH0tdyxmfFWYhgA | 마약 예방교육
  OK (누적 357건)
→ activities/Z7dRtx2l9OiH6PvrDTTb | 제13차 기초생활교육
  OK (누적 358건)
→ activities/Z8w3WSPZbKobQScS0bDl | 운전면허필기시험
  OK (누적 359건)
→ activities/ZEM38ES3DoTYn2fMowam | 농축산 방문상담 (행복농원)
  OK (누적 360건)
→ activities/ZFDZlo35l7M7deRR4aHm | 지게차 자격증 필기시험 교육
  OK (누적 361건)
→ activities/ZKrlUX6OPhQ9yaeq39TT | 6월 한국어 강좌(3강좌)
  OK (누적 362건)
→ activities/ZPCNS1m4eFlsLE3lzXiu | 6.26 농축산 방문상담
  OK (누적 363건)
→ activities/ZPlPf2RAL49oXtzG63q4 | 2026년 2월 범죄예방교육
  OK (누적 364건)
→ activities/ZU8aZHgQuecjNmi4A8S1 | 무료영화상영 1차(국제시장)
  OK (누적 365건)
→ activities/Zc1D43M1KIQjJ9ojpWXi | 3월 사회통합프로그램
  OK (누적 366건)
→ activities/ZciPTGGEoxolNQFEaNhj | 범죄예방교육
  OK (누적 367건)
→ activities/Zf1ep0XrGebTqdE2Kjt5 | 6월 자국민(캄보디아) 한국어 수업
  OK (누적 368건)
→ activities/ZiXzcu8lIs5WhexoWSCt | 10월 E-7-4(R) 비자설명회
  OK (누적 369건)
→ activities/Zk2Vmma1fkaoCTvE9xsa | 인생 컬러링 수업(매주1~2회)
  OK (누적 370건)
→ activities/Znb10or2wS7LFSZThaRS | 화랑중 기부금 전달식
  OK (누적 371건)
→ activities/Zp9uMg2bph4tSaQRE9W9 | 지역미화활동 (2022/07/26)
  OK (누적 372건)
→ activities/ZpnfX4we5YG6OuJBSiGD | 제3회 조기적응교육
  OK (누적 373건)
→ activities/Zz76R4oawaJOwylkoU9o | 2021년 자본주의와 사회주의 ( 12/4 )
  OK (누적 374건)
→ activities/a6PMVYSNdB83cWHX3jgr | 제2차 재직 외국인근로자 지게차,굴삭기 운전교육
  OK (누적 375건)
→ activities/a8ttv1ZP7lhglQeZ3EQ8 | 2차 기초생활교육
  OK (누적 376건)
→ activities/aEpelZLdoqEChzVyBQqU | 6월 봉사의식함양교육
  OK (누적 377건)
→ activities/aFt1fzbJXEohOsILzLsN | 2023년 1차 지역미화활동
  OK (누적 378건)
→ activities/aLgGsaqtcJKMNuXXTQDw | 기초생활교육
  OK (누적 379건)
→ activities/aSVPO2oawEl0R3UnnNqS | 한국요리 수업 (달걀 장조림 )
  OK (누적 380건)
→ activities/aT6Zl2X05cxmkXYKsu1v | 10월 한국문화 체험관광
  OK (누적 381건)
→ activities/aXLKoxRnkAcHV4V1Ma23 | 3월 한국어 수업
  OK (누적 382건)
→ activities/aafsL7UwKwXYmsmEaxUE | 제과제빵 수업 (단과자빵 (트위스트형))
  OK (누적 383건)
→ activities/ac3uG0LaGUBa1uXxJP48 | 2025년 2월 캄보디아 한국어수업
  OK (누적 384건)
→ activities/agjFS7hZ3LV6LOJ3BU31 | 7월 컬러링 수업
  OK (누적 385건)
→ activities/aiqruW1xZjkvOUdaoDBj | 한국경제발전2
  OK (누적 386건)
→ activities/aoZzgjxMyvZ0rif5xjGN | 2023년 외국인 대상 인생컬링 수업
  OK (누적 387건)
→ activities/aoeDmRrUn5fwWHJnAJpZ | 6월 기초생활교육
  OK (누적 388건)
→ activities/aqKvReegZDbNuJsR8QvW | 11월 지역특화형비자 교육
  OK (누적 389건)
→ activities/b7DCsOyRr2RXrST9nvU1 | 9월 컬러링 전시회
  OK (누적 390건)
→ activities/b8sS7lYn0Kwm50VnXU2H | 외국인 기초생활 교육
  OK (누적 391건)
→ activities/bGuAwVwCdBWep0hurwSs | 2022년 2차 농축산 방문상담
  OK (누적 392건)
→ activities/bLNnfaBiN6mUuXoIutdk | 5월8일 컬러링수업
  OK (누적 393건)
→ activities/bLhv7gggf2gSq2O52a0Y | 외동봉사단 지역미화활동
  OK (누적 394건)
→ activities/bSHI8BK8GAZ3ZIRQ3GHm | 기초생활교육
  OK (누적 395건)
→ activities/bTH8fJRsojCrzAp8vcVp | 10월 제과제빵수업 5,6차
  OK (누적 396건)
→ activities/bVVt3TF7Z2OlVDNlWXQO | 6월 E-7-4(R)비자설명회
  OK (누적 397건)
→ activities/bWSpFNUCFZGsyg3R5K4w | 범죄예방교육 1,2차
  OK (누적 398건)
→ activities/bYJNfQCCTrNEyUuaffwD | 6월 한국어 초,중급,토픽 수업
  OK (누적 399건)
→ activities/bbx8HCWB2UV7OZnSDTje | 외국인 주민 지역미화활동
  OK (누적 400건)
→ activities/bcYqrHip5ipMU9BmtMQ6 | 한국어길라잡이
  OK (누적 401건)
→ activities/bkeuSPq50NjnaYUQvS6T | 귀국의식 함양교육
  OK (누적 402건)
→ activities/brNd678YbrSobFHamny4 | 외국인 기초생활교육
  OK (누적 403건)
→ activities/byiUsyOaLMamGE5QOBel | 템플스테이
  OK (누적 404건)
→ activities/bzRthDBdHERMN2sf0EDg | 외국인 근로자 국가기술자격증 교육
  OK (누적 405건)
→ activities/c885TmENtrNkCH4kjdKl | 지역환경개선 및 봉사의식 함양 교육
  OK (누적 406건)
→ activities/cB6eW9mh9s2P1rHKyPFY | 경주 향교 문화체험 3
  OK (누적 407건)
→ activities/cL6HPnBwmKzjDQAc2eTg | 한국 문화 교실
  OK (누적 408건)
→ activities/cPmVvsGblOEkDlDKwVTh | 2021년 다문화 배움 프로젝트 한국의 의식주 문화 ( 10/10 )
  OK (누적 409건)
→ activities/cWCuolgArFNhwEsXY4Li | 한국어 능력시험 지원
  OK (누적 410건)
→ activities/ciCJjsSjNzoztJ7ijtXc | 제4차 지역 환경보전 및 공동체의식 함양 교육
  OK (누적 411건)
→ activities/crcOVpqnAsKpRIMsYqBm | 제 2회 외국인 조기적응교육
  OK (누적 412건)
→ activities/dBK35ZHtJYkhbaq5ro6a | 7차 외국인 조기적응 교육 ( 8월)
  OK (누적 413건)
→ activities/dDwrNckrrDgFu8xsJ6Js | 경주 향교 문화체험
  OK (누적 414건)
→ activities/dII2JiDUkTY2jdKgZqRI | 제10차 농축산 방문상담
  [건너뜀] 갤러리 미지원 MIME: image/bmp
→ activities/dWzzfCgIgDCBOVHKijDO | 농축산방문상담 (8/15)
  OK (누적 415건)
→ activities/db2Kc4XUWnkzOI0E896K | 제8차 농축산 방문상담
  [건너뜀] 갤러리 미지원 MIME: image/bmp
→ activities/deomE5MW96D5HbYXFRpr | 2021년 외국인 조기적응교육 ( 11월 7일 )
  OK (누적 416건)
→ activities/dnEnbedx5VwrRgsTCZ1p | 11월 베트남 한국어수업
  OK (누적 417건)
→ activities/dr3zlTFEfb6kruYOVnhi | 11월 운전면허교실
  OK (누적 418건)
→ activities/dvLmV1529NCRJZlWdUXV | 2021년 외국인 기초 생활교육 ( 11/6 )
  OK (누적 419건)
→ activities/dzkKplHbx8wHiWWTczzE | 제과제빵수업
  OK (누적 420건)
→ activities/e5Gw58nSU3nZ9CsxUTtr | 한국 요리 수업
  OK (누적 421건)
→ activities/e5X4JBKrQl8gAMbE6Hcb | 7월 조기적응교육
  OK (누적 422건)
→ activities/e7ppI8ajDlwWuXOIcD4W | 3월 쉼터(무료기숙사)
  OK (누적 423건)
→ activities/e9ovc6HkQVw0WqDugevu | 외동중학교 학생회 기부금 전달식
  OK (누적 424건)
→ activities/eKpymviCGKw88GklFQMG | 2022년 제4회 조기적응교육
  OK (누적 425건)
→ activities/eLGgURsvbhKVIGyZVn5J | 명절 교통정리 봉사
  OK (누적 426건)
→ activities/eTxlVoFM69E9aNOcWokQ | 5월 컬러링 1,2차 수업
  OK (누적 427건)
→ activities/eUBR6yyesH5fMqvVO2kB | 8월 외국인 봉사의식함양교육
  OK (누적 428건)
→ activities/eYfl1zG9srwc41e1K7wC | 7월 자국민(네팔) 한국어 수업
  OK (누적 429건)
→ activities/eZ1tL8GydFeK2WzCEyz3 | 농축산방문(동인농원)
  OK (누적 430건)
→ activities/ecgACTZO054vwWg15Rd2 | 한국어 교육
  OK (누적 431건)
→ activities/efMteezgbhkGCK6K5ULy | 5월 외국인 운전면허교실 7,8차
  OK (누적 432건)
→ activities/eiroVVibA7kyiXV2RlfT | 제7차 농축산 방문상담
  [건너뜀] 갤러리 미지원 MIME: image/bmp
→ activities/epKoTuyrSMzhnxEulXDn | 10월 네팔공동체 행사
  OK (누적 433건)
→ activities/euof0JJ5o9DrpBzcK0u9 | 7월 외국인 기초생활교육
  OK (누적 434건)
→ activities/ev9FaqtrxzS3GXQO4Ww2 | 운전면허교실
  OK (누적 435건)
→ activities/ezWDZlml0dlFHjlzIrpz | 농축산방문상담 (대흥농산)
  OK (누적 436건)
→ activities/ezXWgSrcxbvp2qbpPT7S | 컬러링 관람
  OK (누적 437건)
→ activities/fFFJfvO1IsySTEllWbb9 | 6월 자국민(베트남) 한국어 수업
  OK (누적 438건)
→ activities/fGMce1c4Lyqe8G7ioite | 휴컬러링 사진
  OK (누적 439건)
→ activities/fI6RVn6zXurxgDHkmgyE | 1월 기초생활교육
  OK (누적 440건)
→ activities/fISvJqwC6ZEV3Al46F9Z | 11월 한국어기초(방글라데시반)
  OK (누적 441건)
→ activities/fYTYGiK6wXC4OEu08IXv | 제 3차 외국인 조기 적응 교육
  OK (누적 442건)
→ activities/fdH1bEbUETcefToCflon | 11월 한국문화교실
  OK (누적 443건)
→ activities/ff23dxRUllwZ9B0C2u8V | 4월 스리랑카 한국어 수업
  OK (누적 444건)
→ activities/fikIsTTmzachptSuP9Na | 제 6차 외국인 조기적응교육
  OK (누적 445건)
→ activities/fipP1y5HSJoFpgiy5YjA | 지역리더와의 만남
  OK (누적 446건)
→ activities/frU5fF1ZeUzTPyAzAIIA | 5월 포항고용센터 이동상담실 본 센터
  OK (누적 447건)
→ activities/frYeyNMBJuafp84XePSK | 외국인근로자 지역미화활동
  OK (누적 448건)
→ activities/fv1QqbEDrWVJ4Tl6Egd8 | 제7차 외국인 조기적응교육
  OK (누적 449건)
→ activities/g2KnmfARTEPrkpgvOxnN | 제과제빵 수업
  OK (누적 450건)
→ activities/g4Gp9Y5PPcDPZMG6NINu | 3월 캄보디아 한국어수업
  OK (누적 451건)
→ activities/g4IEVdWa2JsCJO1nOP1r | 제과제빵 수업 ( 마들렌 )
  OK (누적 452건)
→ activities/gEUWA3KwImEjSwmDfO3g | 산업인력공단 쉼터 후원물품 전달식
  OK (누적 453건)
→ activities/gQGLyFdp43msN1nPzx6u | 8차 외국인 기초생활교육
  OK (누적 454건)
→ activities/gQOxFKxlxQ5gV8YWjdAp | 제과 제빵 수업 ( 케이크 & 초코칩 컵케이크 )
  OK (누적 455건)
→ activities/gUSFcyDBkJiqXbJdugsD | 9월 지게차 실기수업
  OK (누적 456건)
→ activities/ggYK4eJkGDiyBS73rMjw | 11월 외국인 조기적응교육
  OK (누적 457건)
→ activities/gsutL0gD7egtivtjLoZ0 | 9월 글로벌 페스티벌
  OK (누적 458건)
→ activities/gtUrjcniSvyXYzmptFBb | 3월 범죄예방교실
  OK (누적 459건)
→ activities/gtyZpANNSfImY0SUEqi9 | 독거노인돕기 기부금 전달
  OK (누적 460건)
→ activities/h3Pvii3ZvH0tnRMppWBI | 제 5차 외국인 기초생활교육
  OK (누적 461건)
→ activities/hDW9oR1evP1xZtXLOc35 | 외국인 운전면허교실
  OK (누적 462건)
→ activities/hEzxnQkmApKHseCNKFHg | 8월 베트남 한국어수업
  OK (누적 463건)
→ activities/hI8f5JFZvmG8Q0LHWaWf | 5월 한국어 길라잡이
  OK (누적 464건)
→ activities/hIT3ooHwWJ79mMA7IbSF | 지역리더와의 만남
  OK (누적 465건)
→ activities/hJ558xaanDAFEmVta2Gl | 한국어 길리잡이 수업
  OK (누적 466건)
→ activities/hKV9603pCvlr4VOyIDxo | 7차 외국인 조기적응 교육 ( 8월)
  OK (누적 467건)
→ activities/hOOQu3ydlQzO78uj7DC9 | 제 9차 외국인 조기적응교육
  OK (누적 468건)
→ activities/hWWkQ3n3JKcKWh4gPN3A | 제7차 지역 환경보전 및 공동체의식 함양교육
  OK (누적 469건)
→ activities/hZe77UVpsfJLzZUveuc2 | 2022년 4월 17일 농축산 방문상담
  OK (누적 470건)
→ activities/hhdQMb5wrVeHeiD1zwdU | 2차 한국요리
  OK (누적 471건)
→ activities/hnZHM3trQPEcKxmYehCV | 사회통합프로그램
  OK (누적 472건)
→ activities/hs1ASVqBAyfhS2BHRaiS | Ymca행사
  OK (누적 473건)
→ activities/hwj4Cq8x7rYP0lsXTffv | 3차 기초생활교육 (4/2일)
  OK (누적 474건)
→ activities/i3ESREZ5bopsU4lVQuP0 | 4월 중국동포 조기적응교육
  OK (누적 475건)
→ activities/i4cgvaPigxbzOxvAyTUQ | 지역미화활동
  OK (누적 476건)
→ activities/i5YPo3TmwhPYopSHOGNI | 6월 외국인근로자 지게차교육
  OK (누적 477건)
→ activities/iBX9ixdVttXSvLueBXWL | 마약 예방교육
  OK (누적 478건)
→ activities/iQiw5dBMXPhFda7q05v4 | 6월 한국요리수업
  OK (누적 479건)
→ activities/iQrkbsDtmrdIaW1D0MNF | ■한국문화교육■
  OK (누적 480건)
→ activities/iXgNQd4rUEsdZdh42e8q | 5월 사회통합4단계
  OK (누적 481건)
→ activities/ib1YQCCHCQPnzGVWj1ts | 제13차 운전면허교실
  OK (누적 482건)
→ activities/ijv7riqqHSIFqXR6wj0B | 10월23일 우리말 말하기대회
  OK (누적 483건)
→ activities/im4vB8xRHjZCulqmaDw9 | 한국요리 (삼계탕)
  OK (누적 484건)
→ activities/isL2SXfaBwIaB6TmD0kM | 10월 지게차 이론수업
  OK (누적 485건)
→ activities/itQM6zJ03Xug1IHvjiy9 | 11월 지역리더와의 만남
  OK (누적 486건)
→ activities/jCv15Pkzm4zFPfwMxLHt | 인생 컬러링 수업(매주3~4회)
  OK (누적 487건)
→ activities/jIDRoWQBUm7ef4dKNUYR | 외국인 운전면허 교실 (4월 23일)
  OK (누적 488건)
→ activities/jOJpiU4KzgwMZLW8AZls | 지게차 수업 설명회
  OK (누적 489건)
→ activities/jTpfuXvCw9lNOztuUbVx | 2021년 한국의 가족문화 ( 12/19 )
  OK (누적 490건)
→ activities/jW9CrUvMtWl6BFqstkpD | 2022년 제4회 운전면허교실
  OK (누적 491건)
→ activities/jffUegmPh3PkYEvVGKfz | 11월 컬러링교육
  OK (누적 492건)
→ activities/jfmh8T6LNP1lwekz9qnD | 12월 외국인 조기적응교육
  OK (누적 493건)
→ activities/jjuUJvLoKOKEfpqmG9l8 | 농축산 방문상담 (김해농원)
  OK (누적 494건)
→ activities/jqDR0SsfYcf9jKdzfSXp | 7월 기초생활교육
  OK (누적 495건)
→ activities/k7JJp0I9wGTU8fMpcnm4 | 10월 외국인 조기적응교육 12,13차
  OK (누적 496건)
→ activities/kAiTxHIL0sO8mU2eJiW0 | 제7차 외국인 기초생활교육
  OK (누적 497건)
→ activities/kBn3tT1pjfVy1gr5NrZR | 2025년 한국어 초급 수업
  OK (누적 498건)
→ activities/kIuF5qRKk7InnXYMJaRB | 제5회 기초생활교육
  OK (누적 499건)
→ activities/kcNKvClUcmZ6mZNVqDTK | 농축산 방문상담 (2023.05.09)
  OK (누적 500건)
→ activities/klB84QA21Pwmi6jsQLTA | 제 1차 외국인 기초생활교육
  OK (누적 501건)
→ activities/knL6JSW0jxgmNYDvL8bc | 2022년 제1차 재직 외국인근로자 직업능력개발훈련
  OK (누적 502건)
→ activities/krOCum6vt6EME8g8ZgYx | 제 3차 외국인 운전면허교실
  OK (누적 503건)
→ activities/kvn7qWBrYpx2sIfrUlIT | 마약 예방교육
  OK (누적 504건)
→ activities/kxRf63EqnqhwX9KMF7lo | 9월 외국인 봉사활동
  OK (누적 505건)
→ activities/kz1fuborD5YJEqznbk90 | 아름다운 동행
  OK (누적 506건)
→ activities/l0tJdWz4LkYmKVPErPwF | 10월 외국인 봉사활동
  OK (누적 507건)
→ activities/l7185pMZWtWFaa8pZb2q | 6월 E-7 비자 설명회
  OK (누적 508건)
→ activities/l8ASOPYIdVTcuA0lf4bq | 2022년 4월 9일 외국인 운전면허교실
  OK (누적 509건)
→ activities/lCQup4swCCpPQIqF9G0o | 제1차 지역 환경보전 및 공동체의식 함양 교육
  OK (누적 510건)
→ activities/lCdZGtReheIq0OutlHdC | 2월 한국어 초,중급,토픽
  OK (누적 511건)
→ activities/lQI9zZKjh3pv5enJAIbx | 비자설명회 (외동기술전문학원)
  OK (누적 512건)
→ activities/lbKQhRFkrc51uvBWoVqC | 4월 정보화교육
  OK (누적 513건)
→ activities/ldwM5FHDQ683tGhs02j4 | 10월 한국어기초(캄보디아반)
  OK (누적 514건)
→ activities/lh0agkf8GFBmQdPpmrlE | 2023년 1차 외국인 조기적응교육
  OK (누적 515건)
→ activities/lrRqb0iGFOa2ptsg60tt | 8월 국가리더 회의  (네팔사망자 성금모금)
  OK (누적 516건)
→ activities/lwvCfUSMSAvIAwUHqXfI | 5월 스리랑카 한국어수업
  OK (누적 517건)
→ activities/m1h1kEA6bs9cRxfCkWtK | 제11차 지역환경보전 및 공동체의식 함양교육(09.18)
  OK (누적 518건)
→ activities/m7mtO7W8dsG9JeHuGitN | 제8차 외국인운전면허교실
  OK (누적 519건)
→ activities/mGauXzD5gt240YeyeRvL | 2026년 2월 운전면허교실
  OK (누적 520건)
→ activities/mHh3mxKwszQBSpXnypAH | 8월 봉사의식함양교육
  OK (누적 521건)
→ activities/mOHA4kpL5ApLfmsuW3CK | 컬러링 전시회 1차
  OK (누적 522건)
→ activities/mXXyIBuXrsun8ujja28W | 5월 자동차 운전면허시험
  OK (누적 523건)
→ activities/mb2PUIuTtoi08TSLfGfq | 외국인 근로자 조기적응교육
  OK (누적 524건)
→ activities/mgcxZBkvheuHsorniNPs | 제 2차 외국인기초생활교육 (3/5)
  OK (누적 525건)
→ activities/mn3qshm9DioMvstimCWK | 5월 문화체험(경주향교)
  OK (누적 526건)
→ activities/mp8NJDeJMM3Fc1iRlNW8 | 5월 11일 농축산 방문상담
  OK (누적 527건)
→ activities/mqNNCnxy7xA3cbsuDjQd | 9월 외국인 기초생활교육
  OK (누적 528건)
→ activities/mr2Cg7oRLVKOoikgToC6 | 2022.12.10 제16차 외국인 운전면허교실
  OK (누적 529건)
→ activities/myr4XefpT493tGEaITQo | 10차 외국인 운전면허교실
  OK (누적 530건)
→ activities/n2BL9wEJ0Qe9p7vxXt3w | 10월 지역리더와의 만남
  OK (누적 531건)
→ activities/n4NtcvXOQRYXBc0Rej1M | 3차 조기적응교육(4/16일)
  OK (누적 532건)
→ activities/nA70XO2cye3C6LfHThzt | 8월 경주보건소 감염병 예방교육
  OK (누적 533건)
→ activities/nBfHqxngkWvcDXrI1HP8 | 지역리더와의 만남
  OK (누적 534건)
→ activities/nLKvqH6Cu6uKpYTNViVk | 5차 중국 동포 조기적응프로그램
  OK (누적 535건)
→ activities/nMRYkFBn8Ip6Cuhn9eWQ | 한국요리 (김치 )
  OK (누적 536건)
→ activities/nU9lcggHDL0JJNbzn0bh | 제7차 외국인운전면허교실
  OK (누적 537건)
→ activities/nYR1ZH9hPsqBh8jnaaji | 2021년 한국의 지리와 계절 ( 10/17 )
  OK (누적 538건)
→ activities/nZLb6Uj4rL4HA9hfdhGk | 외국인 운전면허교실
  OK (누적 539건)
→ activities/nbgyXBL6xGi7hTU2lJsm | 제 14차 기초생활교육
  OK (누적 540건)
→ activities/nmSdox4NiZ0aADh3QqT0 | 9월 한국추석음식만들기
  OK (누적 541건)
→ activities/ntMOlMVMCNJNJZqbSyjL | 9월 범죄예방교육
  OK (누적 542건)
→ activities/ntYr0pPmvUFLqsDORwCd | 소방안전교육
  OK (누적 543건)
→ activities/oDVwaVelZ9dojIjbbbzH | 5월 범죄예방교실
  OK (누적 544건)
→ activities/oEr0dD1nijEElHK2MmFY | 보경사 등반
  OK (누적 545건)
→ activities/oM9BU9DKsIVSwnFEKaUd | 2022년 4/17일 외국인 기초생활교육
  OK (누적 546건)
→ activities/oUNAjY2PoJkYHYuambD6 | 제15차 외국인 운전면허교실
  OK (누적 547건)
→ activities/oVTxo2aiVrWmJ3oC1sem | 5월 운전면허교실
  OK (누적 548건)
→ activities/ob6IR1mynwocgkzZufhq | 10월 캄보디아 한국어수업
  OK (누적 549건)
→ activities/olNMK7CnqDtHNgIbH3c8 | 3월 조기적응교육
  OK (누적 550건)
→ activities/owOrcbe4BEtVxpJcGGq6 | 제2회 중국동포 조기적응교육
  OK (누적 551건)
→ activities/oxPZc8ExykFcveyLTNQ8 | 지역미화활동(8/20)
  OK (누적 552건)
→ activities/p6owYUcPZuwUUEDFdnRQ | 한국요리 (삼계탕)
  OK (누적 553건)
→ activities/pArHU0aM0tG1utVg9xVv | 8월 외국인 운전면허교실
  OK (누적 554건)
→ activities/pBaNGQ630Vi1X6tOBr8s | 6월 제과제빵수업
  OK (누적 555건)
→ activities/pDo6JSU0CANoEIPl9hyo | 한국어 교육
  OK (누적 556건)
→ activities/pFH96JFVO3EB4UsD2mUl | 사회통합 3,4단계 수업
  OK (누적 557건)
→ activities/pGdLqk4hd7pMfLjjbp5w | 지역리더와의 만남
  OK (누적 558건)
→ activities/pHcANF0OGeSgGsusZvuj | 3월 정보화교육
  OK (누적 559건)
→ activities/pL0o8hv8OVekr8zOF1PG | 2021년 한국의 역사1 ( 11/14 )
  OK (누적 560건)
→ activities/pMYEFyyny4c09ldKdTco | 사회통합4단계 수업
  OK (누적 561건)
→ activities/pMcJQX0nH3Ndx4VlnG35 | 외국인 축구대회
  OK (누적 562건)
→ activities/pPv9Cx7L9uKup9XmbQsQ | 11월 기초생활교육
  OK (누적 563건)
→ activities/pVJgzqvTNoXYgc1lZaOr | 9월 TOPIK 반
  OK (누적 564건)
→ activities/pVd7ObkuQr8bxrnX6bRD | 제 5차 외국인 조기적응교육
  OK (누적 565건)
→ activities/pZujOZLRzgBOldqzb4EA | 네팔공동체 추석명절행사
  OK (누적 566건)
→ activities/pe3RwO6xBpndagR7pwuS | 제 2차 중국동포 조기적응교육 (3/13)
  OK (누적 567건)
→ activities/pfH6RGdRKrxCcL5BpXfC | 외국인 운전면허교실 5,6차
  OK (누적 568건)
→ activities/pgF8vjStgdkdcItGHMMZ | 10월 캄보디아 공동체 행사
  OK (누적 569건)
→ activities/pnStpVLTEwc8vyekALfr | 7월 운전면허교실
  OK (누적 570건)
→ activities/pvLapLxANWUJuaAiafBh | 양동마을 관람
  OK (누적 571건)
→ activities/px3T0gYlPRaFpjPLSRFX | 10월 외국인 조기적응교육
  OK (누적 572건)
→ activities/q2HD82cfuYPjh7d4D8iJ | 2차 조기적응 교육
  OK (누적 573건)
→ activities/q40dNbgPrk7HrBjMItdH | 9/24일 컴퓨터 수업
  OK (누적 574건)
→ activities/q4j71f3k55Nt5xAWPAHP | 농축산 방문상담
  OK (누적 575건)
→ activities/q7N01MKIgOgKq1JvqqlD | E-7 비자 설명회 2차
  OK (누적 576건)
→ activities/qSf4bK5QB6oFraY6zY7L | 8월 한국문화교실
  OK (누적 577건)
→ activities/qUVg1uuBbO2xwove0NBT | 6월 조기적응교육
  OK (누적 578건)
→ activities/qdBXmGLOnz8LG8SxlcpD | 9월 한국어 초,중급,토픽 수업
  OK (누적 579건)
→ activities/qdTWY4v0ukFLF60l7xWL | 9차 외국인 기초생활교육 ( 10/22)
  OK (누적 580건)
→ activities/qkQyYIWICXNannvxa12u | 제과제빵 수업 (풀먼 식빵 )
  OK (누적 581건)
→ activities/qsbsYmaUnDoAbZGqBjLP | 8월 지역리더와의 만남
  OK (누적 582건)
→ activities/qw6MfzxGMupxSfR8Hr8q | 한국어길라잡이
  OK (누적 583건)
→ activities/qyqOcNJBpj8iWEbZH9V6 | 지역환경개선 및 봉사활동
  OK (누적 584건)
→ activities/r7BToSb95z50ljc82PNl | 농축산방문상담 ( 9/12 )
  OK (누적 585건)
→ activities/rB75urmLFNYJw17Fmspl | 9월 지역리더와의 만남
  OK (누적 586건)
→ activities/rBgIJkBKMpqZpYQkGK2r | 제 6차 외국인 기초생활 교육
  OK (누적 587건)
→ activities/rE5qrQCOaoVOMJuIUjjL | 4월 지역 미화활동
  OK (누적 588건)
→ activities/rRDOrkuPGtoj5UgDLcfM | 구강 위생교육
  OK (누적 589건)
→ activities/rRwuy1rgf4E8Q5PZjSTW | 6월 범죄예방교실
  OK (누적 590건)
→ activities/rS6nXuW0w1U0VhVfjmhx | 7월 사회통합프로그램 4단계
  OK (누적 591건)
→ activities/rSSdXR5bTWOJydKSkpb0 | 제5회 외국인 운전면허교실
  OK (누적 592건)
→ activities/rTiC4eqRFsyDO35Pryq0 | 스리랑카 공동체 행사
  OK (누적 593건)
→ activities/rXRH0Jl4vhyqdYg2Wu2i | 제9차 농축산 방문상담
  [건너뜀] 갤러리 미지원 MIME: image/bmp
→ activities/rZcjvB57JIILpX6vl0Rb | 2022년 제 1회 외국인 운전면허교실
  OK (누적 594건)
→ activities/rgjTvbGcwkdrEh2VaWnN | 인문학 강의
  OK (누적 595건)
→ activities/rgy72HtMsS1A0G01gt2y | 제 4차 중국 조기적응교육 프로그램
  OK (누적 596건)
→ activities/rp7M0cfEOXdqjkzAGB1C | 7월 캄보디아 한국어수업
  OK (누적 597건)
→ activities/s9BsU9jylEYokwUBHB3c | 제12차 지역환경보전 및 공동체의식 함양교육(09.25)
  OK (누적 598건)
→ activities/sBZoiCOgltmTYEoncBUm | 2월 운전면허교실
  OK (누적 599건)
→ activities/sKpwxPW8vCLKO1fme4Or | 제 4차 중국동포 조기적응교육
  OK (누적 600건)
→ activities/sPdG4duVsjfSVgvr456a | 4월 제과제빵수업
  OK (누적 601건)
→ activities/sRs7b95itKhPCrdKGDxi | 2월 사회통합프로그램
  OK (누적 602건)
→ activities/sSB1wkqUT1LKBa9Q2JHc | 화랑중학교 학생회 기부금 전달식
  OK (누적 603건)
→ activities/sVIIzhmLyG4msKfYEmxb | 8월 외국인 자원봉사  활동방안 회의
  OK (누적 604건)
→ activities/sVVb0pWPwzrLJJSJkN3f | 컴퓨터 수업 (매주 일요일)
  OK (누적 605건)
→ activities/sYiRc9luyFRtcjXQ2E8F | 11월 자동차운전면허 필기시험
  OK (누적 606건)
→ activities/sbR2aImT5ixjPLadjRqb | 2021년 한국의 경제발전 2 ( 11/20 )
  OK (누적 607건)
→ activities/sfYFOj54MwfCU0q8ycsb | 7월 방글라데시 한국어수업
  [건너뜀] 갤러리 미지원 MIME: application/octet-stream
→ activities/sqBifkvkFm6lJ2hin6p4 | 3월 외국인 운전면허교실 (3차)
  OK (누적 608건)
→ activities/sqex6x5sXiFAdwcfa8Zo | 다양성의 힘
  OK (누적 609건)
→ activities/t5oxKDoTuQsj8McnW8tr | 10월 기초생활교육
  OK (누적 610건)
→ activities/tHE4ysRrBT5YU4UBHddi | 산업인력공단 내방
  OK (누적 611건)
→ activities/tLWVuPQWEKtNraJFg3Ee | 2021년 지역 환경개선 및 봉사의식 함양 교육 ( 10월 16일 )
  OK (누적 612건)
→ activities/tSJHcBt7f23Xs9PqaDDv | E-7-4 비자 설명회
  OK (누적 613건)
→ activities/tVlE495NyRevj6yVLJmi | 지역환경개선 및 봉사의식 교육
  OK (누적 614건)
→ activities/tY888hyZGEqzczXT85W1 | 외국인 쉼터 사진 2
  OK (누적 615건)
→ activities/taUzKHqRp4gMqkUyaOQK | 5월 무료영화상영 3차 영화명: 서울의 봄
  OK (누적 616건)
→ activities/tkhTOrcJeyB60w9e0x9v | 외국인 주민 컴퓨터 활용능력 교육(비영리민간단체 사업)
  OK (누적 617건)
→ activities/tydSyy8uIx9GB74PSgA7 | 3차 조기적응교육(4/16일)
  OK (누적 618건)
→ activities/u3ONdRO7IQNCyNqnSCuc | 5월 외국인 봉사활동 (미화 활동) 4차
  OK (누적 619건)
→ activities/uAB8dlI05cfRtGUpqp5r | 2차 조기적응교육
  OK (누적 620건)
→ activities/uCpJq5vh0szd01t3VAYd | 3월 4차 외국인 기초생활교육
  OK (누적 621건)
→ activities/uDwepH1tB6klJaXkjusR | 인생컬러링 전시회
  OK (누적 622건)
→ activities/uIrqQscenEJePqWjjqnE | 2021년 다문화 배움 프로젝트 아름다운 동행 (  10/9 )
  OK (누적 623건)
→ activities/uNtEEWQt249lLxMcS6Za | 7월 범죄예방교실
  OK (누적 624건)
→ activities/uPsNxUFHglCoHknq3TCb | 제3차 지역 환경보전 및 공동체의식 함양 교육
  OK (누적 625건)
→ activities/uRX5FIL9AKiT0MrZJKri | 2022.12.11 제16차 외국인 기초생활교육
  OK (누적 626건)
→ activities/uTOJ4MS2hLSZW854TUrx | 2022년 1차 농축산 방문상담
  [건너뜀] 갤러리 미지원 MIME: image/bmp
→ activities/unbe9TkYtsukQxCW8Mv2 | 6월 한지공예수업 외동중 다문화학생
  OK (누적 627건)
→ activities/utmZ6jYyaH2Sy2Qg2pXG | 10월 한국문화교실
  OK (누적 628건)
→ activities/vBxJ9Vop25SWO7DPVUCX | 3월 3차 외국인 기초생활교육
  OK (누적 629건)
→ activities/vEFzDNQ8YNJh8LETfeJD | 제10차 외국인 조기적응교육(09.24)
  OK (누적 630건)
→ activities/vG1O3moKM43kyVuDxUGW | 제 4차 외국인 운전면허 교실 (5/28일 )
  OK (누적 631건)
→ activities/vLlGpNVSJ5EphfXj6sBs | 11월 TOPIK 반
  OK (누적 632건)
→ activities/vPdEe6vjwfGR4aXUdkZj | 4월 범죄예방교실
  OK (누적 633건)
→ activities/vRsqleCLu2sd8P6qz59U | 의료 상담
  OK (누적 634건)
→ activities/vV0AbBXbfeIdVyzCokzy | 8월 컬러링 수업
  OK (누적 635건)
→ activities/vZASTKNWxXTuqos7zyW6 | 2023년 1차 외국인 기초생활교육
  OK (누적 636건)
→ activities/vawgNtr9cRWOXsAeBPsI | 11월 컴퓨터 수업
  OK (누적 637건)
→ activities/viEvmzdK8sYZbAECtdjH | 제8차 지역환경보전 및 공동체의식 함양교육
  OK (누적 638건)
→ activities/vjiW6ba06vIorK4sEesE | 제12차 농축산 방문상담
  [건너뜀] 갤러리 미지원 MIME: image/bmp
→ activities/vmN6TEKBChU42oIAwznt | 한국 떡 만들기 체험
  OK (누적 639건)
→ activities/voNAKGRakSuG7wtxb89Z | 11월 캄보디아 한국어수업
  OK (누적 640건)
→ activities/vonXjdyXl3sD7Td0VY6g | 2026년 1월 한국어 수업
  OK (누적 641건)
→ activities/vymj8X8mGA9wX3oSfEZf | 2021년 한국의 역사 2 ( 11/21 )
  OK (누적 642건)
→ activities/w5weThyt3bCesqkmk8h9 | 5월 요리수업(외동중)
  OK (누적 643건)
→ activities/w9tbLBAPjLJQNayGFwzn | 한국불교문화교육
  OK (누적 644건)
→ activities/wH8w0kCgCVmqqia3oLIO | 외국인 봉사활동 (미화 활동) 3차
  OK (누적 645건)
→ activities/wMESXAKbsbJIEFqhNebf | 3월 범죄예방교실
  OK (누적 646건)
→ activities/wQHotBssmK1dL3FlnOwC | ■제1회 외국인근로자 컬러링전시회■
  OK (누적 647건)
→ activities/wTfpA6i9eZVEhJnx5kbi | 제6차 지역미화활동(09.24)
  OK (누적 648건)
→ activities/wclNOyJlYNjZ03Bhw2wu | 7월 자국민(캄보디아) 한국어 수업
  OK (누적 649건)
→ activities/weuHcFP4WvtAqk708yRh | 외국인 쉼터 사진 1
  OK (누적 650건)
→ activities/wgSiOK7B6K5XdNe8ATZ9 | 5월 기초생활교육
  OK (누적 651건)
→ activities/wil7jjjS0BStu9nDxGv3 | 2022년 6월 4일 농축산 방문상담
  OK (누적 652건)
→ activities/wvJ6ssYu5eTrbB0E4gpO | □3차 조기적응교육(4/16일)
  OK (누적 653건)
→ activities/wzj5TeTwfRIupsOmi67l | 제5차 조기적응교육
  OK (누적 654건)
→ activities/xA11PerxXkVivcCx9vN7 | 지게차 수업 설명회
  OK (누적 655건)
→ activities/xIZstxsDtnIpceHblOQW | 5월 자국민(캄보디아) 한국어 수업
  OK (누적 656건)
→ activities/xKZ0PRomuNkV0T5r42ln | 제6차 조기적응교육
  OK (누적 657건)
→ activities/xMZaDFEjxzko7Mbrdx7g | 한국전통 춤 체험
  OK (누적 658건)
→ activities/xPqjfYVPZMEBgLquhDGq | 무료영화상영 2차 영화명: 도독들
  OK (누적 659건)
→ activities/xTeFoJ9JexEPAynt6EnV | 외국인 기초생활교육
  OK (누적 660건)
→ activities/xkBIxLykD2ez7dRgSxfb | 한국요리수업
  OK (누적 661건)
→ activities/xmc93AS4p7KbKR9sxSG0 | 사회통합3단계 수업
  OK (누적 662건)
→ activities/xq5p9qmYAGBFwgHW44Bn | 비자설명회 (외동기술전문학원
  OK (누적 663건)
→ activities/xt3Ja1yampSYISj3YW5r | 7월 한국어 초,중급,토픽
  OK (누적 664건)
→ activities/xwoA14pxg0qFhAsuyNs5 | 12월 한국어기초(방글라데시반)
  OK (누적 665건)
→ activities/y3gyYHYSVvIMnwAvSuDP | 외동중 기부금 전달식
  OK (누적 666건)
→ activities/yA2SF26vsTDlGDozUHy0 | 11월 영화상영 7차
  OK (누적 667건)
→ activities/yEFfQR7UXoRxxeOd53ix | 한국 경제발전1
  OK (누적 668건)
→ activities/yTdil0sCSXFNMXXvsD5v | 2021년 한국의 관광지 ( 10/24 )
  OK (누적 669건)
→ activities/ye2Jm6MQzlae36PwMp3h | 9월 한국문화교실
  OK (누적 670건)
→ activities/yi74r8ft77AIbdVEYjqw | 조기적응교육
  OK (누적 671건)
→ activities/yiz6HA7KZXulku4GNOnr | 4월 한국어 자격증반
  OK (누적 672건)
→ activities/ymxOqehulALygPIMW0PY | 지역미화활동
  OK (누적 673건)
→ activities/ypCwWERfY8ai3TAEwT4k | 제 5차 외국인 운전면허 교실
  OK (누적 674건)
→ activities/ywVnZIqVQzOyr6EoFSJQ | 봉사의식교육사진
  OK (누적 675건)
→ activities/yxYCW9iNRmAjunMhuEDZ | 3월 한국어 자격증반
  OK (누적 676건)
→ activities/zBEPUeYscT79v1RAyKA0 | 7월 범죄예방교육
  OK (누적 677건)
→ activities/zCMbeINPeQfAGrb94xA1 | 농축산방문상담 (2023/7/11 )
  OK (누적 678건)
→ activities/zFTK8R8hl009IEAoeEFY | 한국요리 수업( 순두부찌개 & 감자전 )
  OK (누적 679건)
→ activities/zL2RtlzSfvK85B13w7bJ | 제 2차 외국인 기초생활교육
  OK (누적 680건)
→ activities/zSoeCwyWfPzgf60z4PqW | 6.23 농축산 방문상담
  OK (누적 681건)
→ activities/zUSqLMdFYS3sawCCeQgW | 6월 자국민(네팔) 한국어 수업
  OK (누적 682건)
→ activities/zWWpjDAI1EddIS78tzph | 농축산방문(한맥농산)
  OK (누적 683건)
→ activities/zjE2HbcB5AFkhJBXfli9 | 8월 KIIP 3 수업
  OK (누적 684건)
→ activities/zn4mx7XFyuusuib2Ev1j | 3월 봉사의식함양교육
  OK (누적 685건)
→ activities/zwkjOTzjPEPTEfn96LzU | 2021년 외국인 기초생활교육 ( 12/11 )
  OK (누적 686건)
→ activities/zxXnBKbnPidBeNdY0EVI | 6월 방글라데시 한국어수업
  OK (누적 687건)

완료: 삽입 687건, 건너뜀·실패 17건
상태 파일: /Users/ken/Documents/01_codes/01_nextjs/09_fcokj/01_fcokj/scripts/migrate-gallery-activities-state.json
